<?xml version="1.0" encoding="UTF-8"?>
<!-- Generated by org.testng.reporters.JUnitXMLReporter -->
<testsuite ignored="0" hostname="merve-MacBook-Air.local" failures="0" tests="3" name="Default test" time="52.418" errors="0" timestamp="2021-11-18T20:56:46 TRT">
  <testcase classname="com.hepsiburada.tests.AddProductToBasketWithoutLogin" name="searchProduct" time="7.51"/>
  <testcase classname="com.hepsiburada.tests.AddProductToBasketWithoutLogin" name="addProductToBasket" time="21.69"/>
  <testcase classname="com.hepsiburada.tests.AddProductToBasketWithoutLogin" name="checkBasket" time="1.42"/>
</testsuite> <!-- Default test -->
