<?xml version="1.0" encoding="UTF-8"?>
<testng-results ignored="0" total="3" passed="3" failed="0" skipped="0">
  <reporter-output>
  </reporter-output>
  <suite started-at="2021-11-18T20:55:53 TRT" name="Default suite" finished-at="2021-11-18T20:56:46 TRT" duration-ms="52418">
    <groups>
    </groups>
    <test started-at="2021-11-18T20:55:53 TRT" name="Default test" finished-at="2021-11-18T20:56:46 TRT" duration-ms="52418">
      <class name="com.hepsiburada.tests.AddProductToBasketWithoutLogin">
        <test-method is-config="true" signature="chromeSetup()[pri:0, instance:com.hepsiburada.tests.AddProductToBasketWithoutLogin@6cd28fa7]" started-at="2021-11-18T20:55:53 TRT" name="chromeSetup" finished-at="2021-11-18T20:56:15 TRT" duration-ms="21741" status="PASS">
          <reporter-output>
          </reporter-output>
        </test-method> <!-- chromeSetup -->
        <test-method signature="searchProduct()[pri:0, instance:com.hepsiburada.tests.AddProductToBasketWithoutLogin@6cd28fa7]" started-at="2021-11-18T20:56:15 TRT" name="searchProduct" finished-at="2021-11-18T20:56:23 TRT" duration-ms="7510" status="PASS">
          <reporter-output>
          </reporter-output>
        </test-method> <!-- searchProduct -->
        <test-method signature="addProductToBasket()[pri:1, instance:com.hepsiburada.tests.AddProductToBasketWithoutLogin@6cd28fa7]" started-at="2021-11-18T20:56:23 TRT" name="addProductToBasket" finished-at="2021-11-18T20:56:44 TRT" duration-ms="21690" status="PASS">
          <reporter-output>
          </reporter-output>
        </test-method> <!-- addProductToBasket -->
        <test-method signature="checkBasket()[pri:2, instance:com.hepsiburada.tests.AddProductToBasketWithoutLogin@6cd28fa7]" started-at="2021-11-18T20:56:44 TRT" name="checkBasket" finished-at="2021-11-18T20:56:46 TRT" duration-ms="1420" status="PASS">
          <reporter-output>
          </reporter-output>
        </test-method> <!-- checkBasket -->
      </class> <!-- com.hepsiburada.tests.AddProductToBasketWithoutLogin -->
    </test> <!-- Default test -->
  </suite> <!-- Default suite -->
</testng-results>
